[debug] [2025-05-19T17:08:38.454Z] ----------------------------------------------------------------------
[debug] [2025-05-19T17:08:38.457Z] Command:       /Users/robot/.nvm/versions/node/v22.15.0/bin/node /Users/robot/.nvm/versions/node/v22.15.0/bin/firebase init functions
[debug] [2025-05-19T17:08:38.463Z] CLI Version:   14.4.0
[debug] [2025-05-19T17:08:38.463Z] Platform:      darwin
[debug] [2025-05-19T17:08:38.463Z] Node Version:  v22.15.0
[debug] [2025-05-19T17:08:38.464Z] Time:          Tue May 20 2025 01:08:38 GMT+0800 (Central Indonesia Time)
[debug] [2025-05-19T17:08:38.464Z] ----------------------------------------------------------------------
[debug] 
[debug] [2025-05-19T17:08:38.469Z] > command requires scopes: ["email","openid","https://www.googleapis.com/auth/cloudplatformprojects.readonly","https://www.googleapis.com/auth/firebase","https://www.googleapis.com/auth/cloud-platform"]
[debug] [2025-05-19T17:08:38.470Z] > authorizing via signed-in user (fahrulmuh23@gmail.com)
[info] 
     ######## #### ########  ######## ########     ###     ######  ########
     ##        ##  ##     ## ##       ##     ##  ##   ##  ##       ##
     ######    ##  ########  ######   ########  #########  ######  ######
     ##        ##  ##    ##  ##       ##     ## ##     ##       ## ##
     ##       #### ##     ## ######## ########  ##     ##  ######  ########

You're about to initialize a Firebase project in this directory:

  /Users/robot/Projects/ebuddy-technical-test/apps/backend-repo

[info] 
=== Project Setup
[info] 
[info] First, let's associate this project directory with a Firebase project.
[info] You can create multiple project aliases by running firebase use --add, 
[info] but for now we'll just set up a default project.
[info] 
